<?xml version="1.0" encoding="UTF-8"?>
<!-- Generated by org.testng.reporters.JUnitReportReporter -->
<testsuite hostname="PCIN488277" failures="0" tests="1" name="testcase.SampleTestcase" time="22.112" errors="0" timestamp="2021-12-24T21:32:03 IST" skipped="0">
  <testcase classname="testcase.SampleTestcase" name="writeLinks" time="22.112"/>
  <system-out/>
</testsuite> <!-- testcase.SampleTestcase -->
